<?xml version="1.0" encoding="utf-8"?><testsuite errors="0" failures="0" name="pytest" skips="0" tests="44" time="42.666"><testcase classname="test_detector" name="test_detector_init_state" time="0.00229001045227"><system-err>Failed to import EventChannelFactory notifd/factory/karlsson from the Tango database
</system-err></testcase><testcase classname="test_detector" name="test_detector_off" time="0.00088095664978"><system-err>Failed to import EventChannelFactory notifd/factory/karlsson from the Tango database
</system-err></testcase><testcase classname="test_detector" name="test_detector_on" time="0.000648975372314"><system-err>Failed to import EventChannelFactory notifd/factory/karlsson from the Tango database
</system-err></testcase><testcase classname="test_detector" name="test_detector_min_exposure" time="0.000810146331787"><system-err>Failed to import EventChannelFactory notifd/factory/karlsson from the Tango database
</system-err></testcase><testcase classname="test_detector" name="test_detector_max_exposure" time="0.000744819641113"><system-err>Failed to import EventChannelFactory notifd/factory/karlsson from the Tango database
</system-err></testcase><testcase classname="test_detector" name="test_detector_correct_exposure" time="0.000700950622559"><system-err>Failed to import EventChannelFactory notifd/factory/karlsson from the Tango database
</system-err></testcase><testcase classname="test_detector" name="test_detector_set_lesser_than_min_exposure" time="0.00242590904236"><system-err>Failed to import EventChannelFactory notifd/factory/karlsson from the Tango database
</system-err></testcase><testcase classname="test_detector" name="test_detector_set_greater_than_max_exposure" time="0.00175809860229"><system-err>Failed to import EventChannelFactory notifd/factory/karlsson from the Tango database
</system-err></testcase><testcase classname="test_motor" name="test_motor_init_state" time="0.00154089927673"><system-err>Failed to import EventChannelFactory notifd/factory/karlsson from the Tango database
</system-err></testcase><testcase classname="test_motor" name="test_motor_off" time="0.000576019287109"><system-err>Failed to import EventChannelFactory notifd/factory/karlsson from the Tango database
</system-err></testcase><testcase classname="test_motor" name="test_motor_on" time="0.00204014778137"><system-err>Failed to import EventChannelFactory notifd/factory/karlsson from the Tango database
</system-err></testcase><testcase classname="test_motor" name="test_motor_set_angle_position_if_off" time="0.00097393989563"><system-err>Failed to import EventChannelFactory notifd/factory/karlsson from the Tango database
</system-err></testcase><testcase classname="test_motor" name="test_motor_set_vertical_position_if_off" time="0.0014967918396"><system-err>Failed to import EventChannelFactory notifd/factory/karlsson from the Tango database
</system-err></testcase><testcase classname="test_motor" name="test_motor_set_horizontal_position_if_off" time="0.00187993049622"><system-err>Failed to import EventChannelFactory notifd/factory/karlsson from the Tango database
</system-err></testcase><testcase classname="test_motor" name="test_set_correct_angle_position" time="0.0027220249176"><system-err>Failed to import EventChannelFactory notifd/factory/karlsson from the Tango database
</system-err></testcase><testcase classname="test_motor" name="test_set_correct_vertical_position" time="0.00122308731079"><system-err>Failed to import EventChannelFactory notifd/factory/karlsson from the Tango database
</system-err></testcase><testcase classname="test_motor" name="test_set_correct_horizontal_position" time="0.00296306610107"><system-err>Failed to import EventChannelFactory notifd/factory/karlsson from the Tango database
</system-err></testcase><testcase classname="test_motor" name="test_set_min_angle_position" time="0.00270891189575"><system-err>Failed to import EventChannelFactory notifd/factory/karlsson from the Tango database
</system-err></testcase><testcase classname="test_motor" name="test_set_min_vertical_position" time="0.0011990070343"><system-err>Failed to import EventChannelFactory notifd/factory/karlsson from the Tango database
</system-err></testcase><testcase classname="test_motor" name="test_set_min_horizontal_position" time="0.00108194351196"><system-err>Failed to import EventChannelFactory notifd/factory/karlsson from the Tango database
</system-err></testcase><testcase classname="test_motor" name="test_set_max_angle_position" time="0.00266909599304"><system-err>Failed to import EventChannelFactory notifd/factory/karlsson from the Tango database
</system-err></testcase><testcase classname="test_motor" name="test_set_max_vertical_position" time="0.00282597541809"><system-err>Failed to import EventChannelFactory notifd/factory/karlsson from the Tango database
</system-err></testcase><testcase classname="test_motor" name="test_set_max_horizontal_position" time="0.0028989315033"><system-err>Failed to import EventChannelFactory notifd/factory/karlsson from the Tango database
</system-err></testcase><testcase classname="test_motor" name="test_set_less_than_min_angle_position" time="0.00227499008179"><system-err>Failed to import EventChannelFactory notifd/factory/karlsson from the Tango database
</system-err></testcase><testcase classname="test_motor" name="test_set_less_than_min_vertical_position" time="0.002366065979"><system-err>Failed to import EventChannelFactory notifd/factory/karlsson from the Tango database
</system-err></testcase><testcase classname="test_motor" name="test_set_less_than_min_horizontal_position" time="0.00230407714844"><system-err>Failed to import EventChannelFactory notifd/factory/karlsson from the Tango database
</system-err></testcase><testcase classname="test_motor" name="test_set_more_than_max_angle_position" time="0.00102591514587"><system-err>Failed to import EventChannelFactory notifd/factory/karlsson from the Tango database
</system-err></testcase><testcase classname="test_motor" name="test_set_more_than_max_vertical_position" time="0.000807046890259"><system-err>Failed to import EventChannelFactory notifd/factory/karlsson from the Tango database
</system-err></testcase><testcase classname="test_motor" name="test_set_more_than_max_horizontal_position" time="0.00231289863586"><system-err>Failed to import EventChannelFactory notifd/factory/karlsson from the Tango database
</system-err></testcase><testcase classname="test_shutter" name="test_shutter_init_state" time="0.00037407875061"><system-err>Failed to import EventChannelFactory notifd/factory/karlsson from the Tango database
</system-err></testcase><testcase classname="test_shutter" name="test_shutter_open" time="0.00248003005981"><system-err>Failed to import EventChannelFactory notifd/factory/karlsson from the Tango database
</system-err></testcase><testcase classname="test_shutter" name="test_shutter_close" time="0.00343894958496"><system-err>Failed to import EventChannelFactory notifd/factory/karlsson from the Tango database
</system-err></testcase><testcase classname="test_shutter" name="test_shutter_open_time" time="10.0136759281"><system-err>Failed to import EventChannelFactory notifd/factory/karlsson from the Tango database
</system-err></testcase><testcase classname="test_shutter" name="test_shutter_close_time" time="10.0114200115"><system-err>Failed to import EventChannelFactory notifd/factory/karlsson from the Tango database
</system-err></testcase><testcase classname="test_source" name="test_source_init_state" time="0.000909805297852"><system-err>Failed to import EventChannelFactory notifd/factory/karlsson from the Tango database
</system-err></testcase><testcase classname="test_source" name="test_source_on" time="0.00185203552246"><system-err>Failed to import EventChannelFactory notifd/factory/karlsson from the Tango database
</system-err></testcase><testcase classname="test_source" name="test_source_off" time="0.00249099731445"><system-err>Failed to import EventChannelFactory notifd/factory/karlsson from the Tango database
</system-err></testcase><testcase classname="test_source" name="test_source_set_correct_args" time="0.00176405906677"><system-err>Failed to import EventChannelFactory notifd/factory/karlsson from the Tango database
</system-err></testcase><testcase classname="test_source" name="test_source_set_min_args" time="0.00362300872803"><system-err>Failed to import EventChannelFactory notifd/factory/karlsson from the Tango database
</system-err></testcase><testcase classname="test_source" name="test_source_set_less_than_min_args" time="0.000931978225708"><system-err>Failed to import EventChannelFactory notifd/factory/karlsson from the Tango database
</system-err></testcase><testcase classname="test_source" name="test_source_set_max_args" time="0.000935077667236"><system-err>Failed to import EventChannelFactory notifd/factory/karlsson from the Tango database
</system-err></testcase><testcase classname="test_source" name="test_source_set_more_than_max_args" time="0.00357103347778"><system-err>Failed to import EventChannelFactory notifd/factory/karlsson from the Tango database
</system-err></testcase><testcase classname="test_source" name="test_source_set_args_if_off" time="0.0010290145874"><system-err>Failed to import EventChannelFactory notifd/factory/karlsson from the Tango database
</system-err></testcase><testcase classname="test_source" name="test_source_set_args_if_fault" time="0.000591039657593"><system-err>Failed to import EventChannelFactory notifd/factory/karlsson from the Tango database
</system-err></testcase></testsuite>